<?xml version="1.0" encoding="UTF-8"?>
<testng-results ignored="0" total="2" passed="2" failed="0" skipped="0">
  <reporter-output>
  </reporter-output>
  <suite started-at="2025-06-12T13:54:31 IST" name="Default suite" finished-at="2025-06-12T13:54:57 IST" duration-ms="25646">
    <groups>
    </groups>
    <test started-at="2025-06-12T13:54:31 IST" name="Default test" finished-at="2025-06-12T13:54:57 IST" duration-ms="25646">
      <class name="seleniumpractice.TestNGFirst">
        <test-method is-config="true" signature="setup()[pri:0, instance:seleniumpractice.TestNGFirst@139982de]" started-at="2025-06-12T13:54:31 IST" name="setup" finished-at="2025-06-12T13:54:36 IST" duration-ms="5070" status="PASS">
          <reporter-output>
          </reporter-output>
        </test-method> <!-- setup -->
        <test-method signature="verifyHomepage()[pri:0, instance:seleniumpractice.TestNGFirst@139982de]" started-at="2025-06-12T13:54:36 IST" name="verifyHomepage" finished-at="2025-06-12T13:54:45 IST" duration-ms="8967" status="PASS">
          <reporter-output>
          </reporter-output>
        </test-method> <!-- verifyHomepage -->
        <test-method is-config="true" signature="teardown()[pri:0, instance:seleniumpractice.TestNGFirst@139982de]" started-at="2025-06-12T13:54:45 IST" name="teardown" finished-at="2025-06-12T13:54:45 IST" duration-ms="290" status="PASS">
          <reporter-output>
          </reporter-output>
        </test-method> <!-- teardown -->
        <test-method is-config="true" signature="setup()[pri:0, instance:seleniumpractice.TestNGFirst@139982de]" started-at="2025-06-12T13:54:45 IST" name="setup" finished-at="2025-06-12T13:54:46 IST" duration-ms="892" status="PASS">
          <reporter-output>
          </reporter-output>
        </test-method> <!-- setup -->
        <test-method signature="verifyUrl()[pri:0, instance:seleniumpractice.TestNGFirst@139982de]" started-at="2025-06-12T13:54:46 IST" name="verifyUrl" finished-at="2025-06-12T13:54:56 IST" duration-ms="10076" status="PASS">
          <reporter-output>
          </reporter-output>
        </test-method> <!-- verifyUrl -->
        <test-method is-config="true" signature="teardown()[pri:0, instance:seleniumpractice.TestNGFirst@139982de]" started-at="2025-06-12T13:54:56 IST" name="teardown" finished-at="2025-06-12T13:54:57 IST" duration-ms="251" status="PASS">
          <reporter-output>
          </reporter-output>
        </test-method> <!-- teardown -->
      </class> <!-- seleniumpractice.TestNGFirst -->
    </test> <!-- Default test -->
  </suite> <!-- Default suite -->
</testng-results>
