<?xml version="1.0" encoding="UTF-8"?>
<!-- Generated by org.testng.reporters.JUnitReportReporter -->
<testsuite hostname="DESKTOP-ENU7FK0" failures="0" tests="2" name="seleniumpractice.TestNGFirst" time="25.546" errors="0" timestamp="2025-06-12T13:54:57 IST" skipped="0">
  <testcase classname="seleniumpractice.TestNGFirst" name="verifyUrl" time="11.219"/>
  <testcase classname="seleniumpractice.TestNGFirst" name="verifyHomepage" time="14.327"/>
</testsuite> <!-- seleniumpractice.TestNGFirst -->
